[16Sep2021 00:00:23.255] [Server thread/INFO] [net.minecraft.server.dedicated.DedicatedServer/]: Moonpaw12 was slain by Spoopayyy
[16Sep2021 00:02:21.674] [Server thread/INFO] [net.minecraft.network.play.ServerPlayNetHandler/]: Spoopayyy lost connection: Disconnected
[16Sep2021 00:02:21.674] [Server thread/INFO] [net.minecraft.server.dedicated.DedicatedServer/]: Spoopayyy left the game
[16Sep2021 00:02:22.422] [Server thread/INFO] [net.minecraft.server.dedicated.DedicatedServer/]: Moonpaw12 was slain by Zombie
[16Sep2021 00:05:53.744] [Netty Server IO #0/INFO] [codechicken.lib.config.ConfigSyncManager/]: Skipping config sync, No mods have registered a syncable config.
[16Sep2021 00:05:54.154] [User Authenticator #6/INFO] [net.minecraft.network.login.ServerLoginNetHandler/]: UUID of player Spoopayyy is ff3f57bc-3043-4380-ab7c-6d7ee94b4e54
[16Sep2021 00:06:00.528] [Server thread/INFO] [net.minecraftforge.common.AdvancementLoadFix/]: Using new advancement loading for net.minecraft.advancements.PlayerAdvancements@1d58a213
[16Sep2021 00:06:00.541] [Server thread/ERROR] [com.lothrazar.cyclic.ModCyclic/]: ? overwrite PlayerEvent.LoadFromFile {inv:{Size:36,Items:[]},spectatorTicks:0,flyTicks:0,storage:0b,tasks:[]}
[16Sep2021 00:06:00.541] [Server thread/ERROR] [com.lothrazar.cyclic.ModCyclic/]: C PlayerEvent.LoadFromFile {inv:{Size:36,Items:[]},spectatorTicks:0,flyTicks:0,storage:0b,tasks:[]}
[16Sep2021 00:06:00.541] [Server thread/INFO] [net.minecraft.server.management.PlayerList/]: Spoopayyy[/162.208.5.52:52366] logged in with entity id 2659 at (-212.0980955679788, 66.5625, -228.2477752241004)
[16Sep2021 00:06:00.552] [Server thread/INFO] [net.minecraft.server.dedicated.DedicatedServer/]: Spoopayyy joined the game
[16Sep2021 00:06:00.622] [Server thread/INFO] [mcjty.lib.setup.DefaultModSetup/]: Client logged in: sending dimlet packages
[16Sep2021 00:10:47.611] [Netty Server IO #2/INFO] [codechicken.lib.config.ConfigSyncManager/]: Skipping config sync, No mods have registered a syncable config.
[16Sep2021 00:10:48.095] [User Authenticator #7/INFO] [net.minecraft.network.login.ServerLoginNetHandler/]: UUID of player Soul_Okamii is 4ddf56b0-5611-4ad3-9777-f609748e8c40
[16Sep2021 00:10:48.477] [Netty Server IO #2/ERROR] [net.minecraftforge.fml.network.NetworkRegistry/NETREGISTRY]: Channels [envirocore:main] rejected their client side version number
[16Sep2021 00:10:48.477] [Netty Server IO #2/ERROR] [net.minecraftforge.fml.network.FMLHandshakeHandler/FMLHANDSHAKE]: Terminating connection with client, mismatched mod list
[16Sep2021 00:10:48.525] [Server thread/INFO] [net.minecraft.network.login.ServerLoginNetHandler/]: com.mojang.authlib.GameProfile@22e8891a[id=4ddf56b0-5611-4ad3-9777-f609748e8c40,name=Soul_Okamii,properties={textures=[com.mojang.authlib.properties.Property@3ab7a9e6]},legacy=false] (/71.76.196.208:63705) lost connection: Connection closed - mismatched mod channel list
[16Sep2021 00:10:59.946] [Netty Server IO #3/INFO] [codechicken.lib.config.ConfigSyncManager/]: Skipping config sync, No mods have registered a syncable config.
[16Sep2021 00:11:00.431] [User Authenticator #8/INFO] [net.minecraft.network.login.ServerLoginNetHandler/]: UUID of player Soul_Okamii is 4ddf56b0-5611-4ad3-9777-f609748e8c40
[16Sep2021 00:11:00.807] [Netty Server IO #3/ERROR] [net.minecraftforge.fml.network.NetworkRegistry/NETREGISTRY]: Channels [envirocore:main] rejected their client side version number
[16Sep2021 00:11:00.807] [Netty Server IO #3/ERROR] [net.minecraftforge.fml.network.FMLHandshakeHandler/FMLHANDSHAKE]: Terminating connection with client, mismatched mod list
[16Sep2021 00:11:00.825] [Server thread/INFO] [net.minecraft.network.login.ServerLoginNetHandler/]: com.mojang.authlib.GameProfile@39dde6ae[id=4ddf56b0-5611-4ad3-9777-f609748e8c40,name=Soul_Okamii,properties={textures=[com.mojang.authlib.properties.Property@71da4597]},legacy=false] (/71.76.196.208:63707) lost connection: Connection closed - mismatched mod channel list
[16Sep2021 00:11:13.600] [Netty Server IO #5/INFO] [codechicken.lib.config.ConfigSyncManager/]: Skipping config sync, No mods have registered a syncable config.
[16Sep2021 00:11:13.985] [User Authenticator #9/INFO] [net.minecraft.network.login.ServerLoginNetHandler/]: UUID of player Soul_Okamii is 4ddf56b0-5611-4ad3-9777-f609748e8c40
[16Sep2021 00:11:14.629] [Netty Server IO #5/ERROR] [net.minecraftforge.fml.network.NetworkRegistry/NETREGISTRY]: Channels [envirocore:main] rejected their client side version number
[16Sep2021 00:11:14.629] [Netty Server IO #5/ERROR] [net.minecraftforge.fml.network.FMLHandshakeHandler/FMLHANDSHAKE]: Terminating connection with client, mismatched mod list
[16Sep2021 00:11:14.675] [Server thread/INFO] [net.minecraft.network.login.ServerLoginNetHandler/]: com.mojang.authlib.GameProfile@1a92570d[id=4ddf56b0-5611-4ad3-9777-f609748e8c40,name=Soul_Okamii,properties={textures=[com.mojang.authlib.properties.Property@545d371]},legacy=false] (/71.76.196.208:63714) lost connection: Connection closed - mismatched mod channel list
[16Sep2021 00:11:25.905] [Netty Server IO #6/INFO] [codechicken.lib.config.ConfigSyncManager/]: Skipping config sync, No mods have registered a syncable config.
[16Sep2021 00:11:26.333] [User Authenticator #10/INFO] [net.minecraft.network.login.ServerLoginNetHandler/]: UUID of player Soul_Okamii is 4ddf56b0-5611-4ad3-9777-f609748e8c40
[16Sep2021 00:11:26.749] [Netty Server IO #6/ERROR] [net.minecraftforge.fml.network.NetworkRegistry/NETREGISTRY]: Channels [envirocore:main] rejected their client side version number
[16Sep2021 00:11:26.749] [Netty Server IO #6/ERROR] [net.minecraftforge.fml.network.FMLHandshakeHandler/FMLHANDSHAKE]: Terminating connection with client, mismatched mod list
[16Sep2021 00:11:26.773] [Server thread/INFO] [net.minecraft.network.login.ServerLoginNetHandler/]: com.mojang.authlib.GameProfile@559fdec1[id=4ddf56b0-5611-4ad3-9777-f609748e8c40,name=Soul_Okamii,properties={textures=[com.mojang.authlib.properties.Property@2990e078]},legacy=false] (/71.76.196.208:63717) lost connection: Connection closed - mismatched mod channel list
[16Sep2021 00:11:37.625] [Server thread/INFO] [net.minecraft.network.play.ServerPlayNetHandler/]: Spoopayyy lost connection: Disconnected
[16Sep2021 00:11:37.625] [Server thread/INFO] [net.minecraft.server.dedicated.DedicatedServer/]: Spoopayyy left the game
[16Sep2021 00:11:40.373] [Netty Server IO #7/INFO] [codechicken.lib.config.ConfigSyncManager/]: Skipping config sync, No mods have registered a syncable config.
[16Sep2021 00:11:40.742] [User Authenticator #11/INFO] [net.minecraft.network.login.ServerLoginNetHandler/]: UUID of player Soul_Okamii is 4ddf56b0-5611-4ad3-9777-f609748e8c40
[16Sep2021 00:11:41.099] [Netty Server IO #7/ERROR] [net.minecraftforge.fml.network.NetworkRegistry/NETREGISTRY]: Channels [envirocore:main] rejected their client side version number
[16Sep2021 00:11:41.099] [Netty Server IO #7/ERROR] [net.minecraftforge.fml.network.FMLHandshakeHandler/FMLHANDSHAKE]: Terminating connection with client, mismatched mod list
[16Sep2021 00:11:41.123] [Server thread/INFO] [net.minecraft.network.login.ServerLoginNetHandler/]: com.mojang.authlib.GameProfile@10581060[id=4ddf56b0-5611-4ad3-9777-f609748e8c40,name=Soul_Okamii,properties={textures=[com.mojang.authlib.properties.Property@53f162a1]},legacy=false] (/71.76.196.208:63719) lost connection: Connection closed - mismatched mod channel list
[16Sep2021 00:12:08.021] [Netty Server IO #8/INFO] [codechicken.lib.config.ConfigSyncManager/]: Skipping config sync, No mods have registered a syncable config.
[16Sep2021 00:12:08.435] [User Authenticator #12/INFO] [net.minecraft.network.login.ServerLoginNetHandler/]: UUID of player Soul_Okamii is 4ddf56b0-5611-4ad3-9777-f609748e8c40
[16Sep2021 00:12:08.852] [Netty Server IO #8/ERROR] [net.minecraftforge.fml.network.NetworkRegistry/NETREGISTRY]: Channels [envirocore:main] rejected their client side version number
[16Sep2021 00:12:08.852] [Netty Server IO #8/ERROR] [net.minecraftforge.fml.network.FMLHandshakeHandler/FMLHANDSHAKE]: Terminating connection with client, mismatched mod list
[16Sep2021 00:12:08.871] [Server thread/INFO] [net.minecraft.network.login.ServerLoginNetHandler/]: com.mojang.authlib.GameProfile@1bd233b3[id=4ddf56b0-5611-4ad3-9777-f609748e8c40,name=Soul_Okamii,properties={textures=[com.mojang.authlib.properties.Property@1be0916f]},legacy=false] (/71.76.196.208:63727) lost connection: Connection closed - mismatched mod channel list
[16Sep2021 00:13:59.223] [Server thread/INFO] [net.minecraft.server.dedicated.DedicatedServer/]: Moonpaw12 was shot by Skeleton
[16Sep2021 00:14:41.447] [Netty Server IO #11/INFO] [codechicken.lib.config.ConfigSyncManager/]: Skipping config sync, No mods have registered a syncable config.
[16Sep2021 00:14:41.978] [User Authenticator #13/INFO] [net.minecraft.network.login.ServerLoginNetHandler/]: UUID of player Spoopayyy is ff3f57bc-3043-4380-ab7c-6d7ee94b4e54
[16Sep2021 00:14:48.377] [Server thread/INFO] [net.minecraftforge.common.AdvancementLoadFix/]: Using new advancement loading for net.minecraft.advancements.PlayerAdvancements@7f171762
[16Sep2021 00:14:48.388] [Server thread/ERROR] [com.lothrazar.cyclic.ModCyclic/]: ? overwrite PlayerEvent.LoadFromFile {inv:{Size:36,Items:[]},spectatorTicks:0,flyTicks:0,storage:0b,tasks:[]}
[16Sep2021 00:14:48.388] [Server thread/ERROR] [com.lothrazar.cyclic.ModCyclic/]: C PlayerEvent.LoadFromFile {inv:{Size:36,Items:[]},spectatorTicks:0,flyTicks:0,storage:0b,tasks:[]}
[16Sep2021 00:14:48.388] [Server thread/INFO] [net.minecraft.server.management.PlayerList/]: Spoopayyy[/162.208.5.52:62714] logged in with entity id 3780 at (-211.3125896286072, 66.0, -228.40599010164203)
[16Sep2021 00:14:48.395] [Server thread/INFO] [net.minecraft.server.dedicated.DedicatedServer/]: Spoopayyy joined the game
[16Sep2021 00:14:48.467] [Server thread/INFO] [mcjty.lib.setup.DefaultModSetup/]: Client logged in: sending dimlet packages
[16Sep2021 00:14:57.230] [Server thread/INFO] [net.minecraft.server.dedicated.DedicatedServer/]: Moonpaw12 has made the advancement [Monster Hunter]
[16Sep2021 00:16:35.175] [Server thread/INFO] [morpheus/]: Spoopayyy is now sleeping. 1/2 (50%)
[16Sep2021 00:18:10.493] [Server thread/WARN] [net.minecraft.network.datasync.EntityDataManager/]: defineId called for: class com.github.alexthe666.iceandfire.entity.EntityDragonBase from class com.github.alexthe666.iceandfire.entity.EntityLightningDragon
[16Sep2021 00:18:10.493] [Server thread/WARN] [net.minecraft.network.datasync.EntityDataManager/]: defineId called for: class com.github.alexthe666.iceandfire.entity.EntityDragonBase from class com.github.alexthe666.iceandfire.entity.EntityLightningDragon
[16Sep2021 00:18:10.494] [Server thread/WARN] [net.minecraft.network.datasync.EntityDataManager/]: defineId called for: class com.github.alexthe666.iceandfire.entity.EntityDragonBase from class com.github.alexthe666.iceandfire.entity.EntityLightningDragon
[16Sep2021 00:18:10.494] [Server thread/WARN] [net.minecraft.network.datasync.EntityDataManager/]: defineId called for: class com.github.alexthe666.iceandfire.entity.EntityDragonBase from class com.github.alexthe666.iceandfire.entity.EntityLightningDragon
[16Sep2021 00:20:08.780] [Server thread/INFO] [net.minecraft.server.dedicated.DedicatedServer/]: Spoopayyy has made the advancement [Shocking]
[16Sep2021 00:20:18.804] [Netty Server IO #13/INFO] [codechicken.lib.config.ConfigSyncManager/]: Skipping config sync, No mods have registered a syncable config.
[16Sep2021 00:20:19.329] [User Authenticator #14/INFO] [net.minecraft.network.login.ServerLoginNetHandler/]: UUID of player Soul_Okamii is 4ddf56b0-5611-4ad3-9777-f609748e8c40
[16Sep2021 00:20:29.595] [Server thread/INFO] [net.minecraftforge.common.AdvancementLoadFix/]: Using new advancement loading for net.minecraft.advancements.PlayerAdvancements@10b93b68
[16Sep2021 00:20:29.607] [Server thread/ERROR] [com.lothrazar.cyclic.ModCyclic/]: C PlayerEvent.LoadFromFile {inv:{Size:36,Items:[]},spectatorTicks:0,flyTicks:0,storage:0b,tasks:[]}
[16Sep2021 00:20:29.608] [Server thread/INFO] [net.minecraft.server.management.PlayerList/]: Soul_Okamii[/71.76.196.208:51185] logged in with entity id 5088 at (-210.87305292443892, 66.0, -226.30000001192093)
[16Sep2021 00:20:29.615] [Server thread/INFO] [net.minecraft.server.dedicated.DedicatedServer/]: Soul_Okamii joined the game
[16Sep2021 00:20:29.714] [Server thread/INFO] [mcjty.lib.setup.DefaultModSetup/]: Client logged in: sending dimlet packages
[16Sep2021 00:20:52.585] [Server thread/WARN] [net.minecraft.network.play.ServerPlayNetHandler/]: Spoopayyy moved too quickly! -204.94257206558524,34.0,-80.35143045204399
[16Sep2021 00:20:52.591] [Server thread/WARN] [net.minecraft.network.play.ServerPlayNetHandler/]: Spoopayyy moved too quickly! -204.94257206558524,34.0,-80.35143045204399
[16Sep2021 00:20:52.600] [Server thread/WARN] [net.minecraft.network.play.ServerPlayNetHandler/]: Spoopayyy moved too quickly! -204.94257206558524,34.0,-80.35143045204399
[16Sep2021 00:20:52.604] [Server thread/WARN] [net.minecraft.network.play.ServerPlayNetHandler/]: Spoopayyy moved too quickly! -204.94257206558524,34.0,-80.35143045204399
[16Sep2021 00:20:52.607] [Server thread/WARN] [net.minecraft.network.play.ServerPlayNetHandler/]: Spoopayyy moved too quickly! -204.94257206558524,34.0,-80.35143045204399
[16Sep2021 00:20:52.611] [Server thread/WARN] [net.minecraft.network.play.ServerPlayNetHandler/]: Spoopayyy moved too quickly! -204.94257206558524,34.0,-80.35143045204399
[16Sep2021 00:20:52.614] [Server thread/WARN] [net.minecraft.network.play.ServerPlayNetHandler/]: Spoopayyy moved too quickly! -204.94257206558524,34.0,-80.35143045204399
[16Sep2021 00:21:43.137] [Server thread/INFO] [net.minecraft.network.play.ServerPlayNetHandler/]: Soul_Okamii lost connection: Disconnected
[16Sep2021 00:21:43.137] [Server thread/INFO] [net.minecraft.server.dedicated.DedicatedServer/]: Soul_Okamii left the game
[16Sep2021 00:26:23.595] [Server thread/INFO] [net.minecraft.server.dedicated.DedicatedServer/]: Spoopayyy has made the advancement [The Desert Swimmers]
[16Sep2021 00:27:01.076] [Netty Server IO #15/INFO] [codechicken.lib.config.ConfigSyncManager/]: Skipping config sync, No mods have registered a syncable config.
[16Sep2021 00:27:01.596] [User Authenticator #15/INFO] [net.minecraft.network.login.ServerLoginNetHandler/]: UUID of player Soul_Okamii is 4ddf56b0-5611-4ad3-9777-f609748e8c40
[16Sep2021 00:27:10.038] [Server thread/INFO] [net.minecraftforge.common.AdvancementLoadFix/]: Using new advancement loading for net.minecraft.advancements.PlayerAdvancements@dfbd677
[16Sep2021 00:27:10.048] [Server thread/ERROR] [com.lothrazar.cyclic.ModCyclic/]: ? overwrite PlayerEvent.LoadFromFile {inv:{Size:36,Items:[]},spectatorTicks:0,flyTicks:0,storage:0b,tasks:[]}
[16Sep2021 00:27:10.049] [Server thread/ERROR] [com.lothrazar.cyclic.ModCyclic/]: C PlayerEvent.LoadFromFile {inv:{Size:36,Items:[]},spectatorTicks:0,flyTicks:0,storage:0b,tasks:[]}
[16Sep2021 00:27:10.049] [Server thread/INFO] [net.minecraft.server.management.PlayerList/]: Soul_Okamii[/71.76.196.208:51394] logged in with entity id 8928 at (-210.87305292443892, 66.0, -226.30000001192093)
[16Sep2021 00:27:10.055] [Server thread/INFO] [net.minecraft.server.dedicated.DedicatedServer/]: Soul_Okamii joined the game
[16Sep2021 00:27:10.120] [Server thread/INFO] [mcjty.lib.setup.DefaultModSetup/]: Client logged in: sending dimlet packages
[16Sep2021 00:27:35.821] [Server thread/INFO] [net.minecraft.server.dedicated.DedicatedServer/]: Spoopayyy has made the advancement [Suit Up]
[16Sep2021 00:27:42.372] [Server thread/INFO] [net.minecraft.server.dedicated.DedicatedServer/]: Spoopayyy was turned into KFC by Fire Dragon
[16Sep2021 00:28:28.223] [Server thread/INFO] [net.minecraft.server.dedicated.DedicatedServer/]: Moonpaw12 has made the advancement [Suit Up]
[16Sep2021 00:29:07.672] [Server thread/INFO] [net.minecraft.network.play.ServerPlayNetHandler/]: Soul_Okamii lost connection: Disconnected
[16Sep2021 00:29:07.672] [Server thread/INFO] [net.minecraft.server.dedicated.DedicatedServer/]: Soul_Okamii left the game
[16Sep2021 00:29:47.181] [Server thread/INFO] [net.minecraft.server.dedicated.DedicatedServer/]: <Spoopayyy> quartz
[16Sep2021 00:30:14.894] [Server thread/INFO] [net.minecraft.server.dedicated.DedicatedServer/]: Spoopayyy has made the advancement [A Realistical Logical Ideologist]
[16Sep2021 00:32:57.169] [Server thread/INFO] [net.minecraft.server.dedicated.DedicatedServer/]: Moonpaw12 was slain by Spider
[16Sep2021 00:33:15.611] [Netty Server IO #17/INFO] [codechicken.lib.config.ConfigSyncManager/]: Skipping config sync, No mods have registered a syncable config.
[16Sep2021 00:33:16.102] [User Authenticator #16/INFO] [net.minecraft.network.login.ServerLoginNetHandler/]: UUID of player Soul_Okamii is 4ddf56b0-5611-4ad3-9777-f609748e8c40
[16Sep2021 00:33:24.679] [Server thread/INFO] [net.minecraftforge.common.AdvancementLoadFix/]: Using new advancement loading for net.minecraft.advancements.PlayerAdvancements@6846fe31
[16Sep2021 00:33:24.690] [Server thread/ERROR] [com.lothrazar.cyclic.ModCyclic/]: ? overwrite PlayerEvent.LoadFromFile {inv:{Size:36,Items:[]},spectatorTicks:0,flyTicks:0,storage:0b,tasks:[]}
[16Sep2021 00:33:24.690] [Server thread/ERROR] [com.lothrazar.cyclic.ModCyclic/]: C PlayerEvent.LoadFromFile {inv:{Size:36,Items:[]},spectatorTicks:0,flyTicks:0,storage:0b,tasks:[]}
[16Sep2021 00:33:24.690] [Server thread/INFO] [net.minecraft.server.management.PlayerList/]: Soul_Okamii[/71.76.196.208:51617] logged in with entity id 10573 at (-222.69999998807907, 66.0, -226.30000001192093)
[16Sep2021 00:33:24.697] [Server thread/INFO] [net.minecraft.server.dedicated.DedicatedServer/]: Soul_Okamii joined the game
[16Sep2021 00:33:24.756] [Server thread/INFO] [mcjty.lib.setup.DefaultModSetup/]: Client logged in: sending dimlet packages
[16Sep2021 00:33:36.172] [Server thread/INFO] [morpheus/]: Spoopayyy is now sleeping. 1/3 (33%)
[16Sep2021 00:35:33.171] [Server thread/INFO] [morpheus/]: Spoopayyy has left their bed. 0/3 (0%)
[16Sep2021 00:42:37.629] [Server thread/INFO] [net.minecraft.network.play.ServerPlayNetHandler/]: Moonpaw12 lost connection: Timed out
[16Sep2021 00:42:37.630] [Server thread/INFO] [net.minecraft.server.dedicated.DedicatedServer/]: Moonpaw12 left the game
[16Sep2021 00:42:37.679] [Server thread/WARN] [net.minecraft.network.NetworkManager/]: handleDisconnection() called twice
[16Sep2021 00:42:39.630] [Server thread/INFO] [net.minecraft.server.dedicated.DedicatedServer/]: Soul_Okamii has made the advancement [Getting an Upgrade]
[16Sep2021 00:45:55.739] [Netty Server IO #19/INFO] [codechicken.lib.config.ConfigSyncManager/]: Skipping config sync, No mods have registered a syncable config.
[16Sep2021 00:45:56.700] [User Authenticator #17/INFO] [net.minecraft.network.login.ServerLoginNetHandler/]: UUID of player Moonpaw12 is f3e7be31-a5b9-4695-aa40-964a9e1dcce4
[16Sep2021 00:46:04.489] [Server thread/INFO] [net.minecraftforge.common.AdvancementLoadFix/]: Using new advancement loading for net.minecraft.advancements.PlayerAdvancements@1e1729e1
[16Sep2021 00:46:04.499] [Server thread/ERROR] [com.lothrazar.cyclic.ModCyclic/]: ? overwrite PlayerEvent.LoadFromFile {inv:{Size:36,Items:[]},spectatorTicks:0,flyTicks:0,storage:0b,tasks:[]}
[16Sep2021 00:46:04.500] [Server thread/ERROR] [com.lothrazar.cyclic.ModCyclic/]: C PlayerEvent.LoadFromFile {inv:{Size:36,Items:[]},spectatorTicks:0,flyTicks:0,storage:0b,tasks:[]}
[16Sep2021 00:46:04.500] [Server thread/INFO] [net.minecraft.server.management.PlayerList/]: Moonpaw12[/68.200.92.230:61917] logged in with entity id 13447 at (229.52406378144076, 71.0, -344.3008372906995)
[16Sep2021 00:46:04.506] [Server thread/INFO] [net.minecraft.server.dedicated.DedicatedServer/]: Moonpaw12 joined the game
[16Sep2021 00:46:04.565] [Server thread/INFO] [mcjty.lib.setup.DefaultModSetup/]: Client logged in: sending dimlet packages
[16Sep2021 00:47:57.120] [Server thread/INFO] [net.minecraft.server.dedicated.DedicatedServer/]: Soul_Okamii has made the advancement [Mine? Mine? Mine?]
[16Sep2021 00:52:30.734] [Server thread/INFO] [net.minecraft.server.dedicated.DedicatedServer/]: [Spoopayyy: Teleported Soul_Okamii to -212.0499767497885, 76.0, -227.62068904464266]
[16Sep2021 00:52:52.632] [Server thread/INFO] [net.minecraft.server.dedicated.DedicatedServer/]: [Soul_Okamii: Teleported Soul_Okamii to Moonpaw12]
[16Sep2021 00:53:35.443] [Server thread/INFO] [net.minecraft.server.dedicated.DedicatedServer/]: Moonpaw12 has reached the goal [Earthslime Island]
[16Sep2021 00:53:35.685] [Server thread/INFO] [net.minecraft.server.dedicated.DedicatedServer/]: Soul_Okamii has reached the goal [Earthslime Island]
[16Sep2021 00:56:01.323] [Server thread/INFO] [net.minecraft.server.dedicated.DedicatedServer/]: Moonpaw12 was slain by Siren
[16Sep2021 00:56:07.833] [Server thread/INFO] [net.minecraft.server.dedicated.DedicatedServer/]: Soul_Okamii drowned
[16Sep2021 00:56:33.736] [Server thread/INFO] [net.minecraft.server.dedicated.DedicatedServer/]: [Moonpaw12: Teleported Moonpaw12 to Soul_Okamii]
[16Sep2021 00:57:39.076] [Worker-Main-28/WARN] [net.minecraft.world.gen.WorldGenRegion/]: Tried to access a block entity before it was created. BlockPos{x=-757, y=69, z=-246}
[16Sep2021 00:57:49.525] [Worker-Main-54/WARN] [net.minecraft.world.gen.WorldGenRegion/]: Tried to access a block entity before it was created. BlockPos{x=-757, y=69, z=-246}
[16Sep2021 00:57:53.521] [Server thread/INFO] [net.minecraft.server.dedicated.DedicatedServer/]: Spoopayyy was slain by Zombie
[16Sep2021 00:58:33.415] [Worker-Main-12/WARN] [net.minecraft.world.gen.WorldGenRegion/]: Tried to access a block entity before it was created. BlockPos{x=-757, y=69, z=-246}
[16Sep2021 00:58:42.382] [Worker-Main-10/WARN] [net.minecraft.world.gen.WorldGenRegion/]: Tried to access a block entity before it was created. BlockPos{x=-757, y=69, z=-246}
[16Sep2021 00:58:49.052] [Server thread/WARN] [net.minecraft.server.management.PlayerInteractionManager/]: Mismatch in destroy block pos: BlockPos{x=-574, y=64, z=-76} BlockPos{x=-575, y=63, z=-76}
[16Sep2021 00:59:03.714] [Worker-Main-58/WARN] [net.minecraft.world.gen.WorldGenRegion/]: Tried to access a block entity before it was created. BlockPos{x=-757, y=69, z=-246}
[16Sep2021 00:59:03.719] [Worker-Main-8/WARN] [net.minecraft.world.gen.WorldGenRegion/]: Tried to access a block entity before it was created. BlockPos{x=-757, y=69, z=-246}
[16Sep2021 00:59:47.755] [Server thread/INFO] [net.minecraft.server.dedicated.DedicatedServer/]: [Spoopayyy: Teleported Spoopayyy to Moonpaw12]
[16Sep2021 00:59:47.759] [Server thread/WARN] [net.minecraft.network.play.ServerPlayNetHandler/]: Spoopayyy moved too quickly! -368.9519520322816,-10.0,129.57677832447925
[16Sep2021 01:00:13.564] [Server thread/WARN] [net.minecraft.network.play.ServerPlayNetHandler/]: Spoopayyy moved too quickly! 327.9981314542548,25.0,-128.9781442323295
[16Sep2021 01:02:48.502] [Server thread/INFO] [net.minecraft.server.dedicated.DedicatedServer/]: [Spoopayyy: Teleported Spoopayyy to Moonpaw12]
[16Sep2021 01:02:48.503] [Server thread/WARN] [net.minecraft.network.play.ServerPlayNetHandler/]: Spoopayyy moved too quickly! -523.2749766743185,8.856861662418538,273.7612173971229
[16Sep2021 01:03:19.491] [Server thread/INFO] [net.minecraft.server.dedicated.DedicatedServer/]: [Spoopayyy: Teleported Spoopayyy to Moonpaw12]
[16Sep2021 01:03:19.492] [Server thread/WARN] [net.minecraft.network.play.ServerPlayNetHandler/]: Spoopayyy moved too quickly! 24.923225778766664,30.0,-16.072895468810387
[16Sep2021 01:03:19.504] [Server thread/WARN] [net.minecraft.network.play.ServerPlayNetHandler/]: Spoopayyy moved too quickly! 24.923225778766664,30.0,-16.072895468810387
[16Sep2021 01:03:19.506] [Server thread/WARN] [net.minecraft.network.play.ServerPlayNetHandler/]: Spoopayyy moved too quickly! 24.923225778766664,30.0,-16.072895468810387
[16Sep2021 01:03:19.510] [Server thread/WARN] [net.minecraft.network.play.ServerPlayNetHandler/]: Spoopayyy moved too quickly! 24.923225778766664,30.0,-16.072895468810387
[16Sep2021 01:03:19.513] [Server thread/WARN] [net.minecraft.network.play.ServerPlayNetHandler/]: Spoopayyy moved too quickly! 24.923225778766664,30.0,-16.072895468810387
[16Sep2021 01:04:32.241] [Server thread/INFO] [net.minecraft.server.dedicated.DedicatedServer/]: <Moonpaw12> e
[16Sep2021 01:06:07.926] [Server thread/INFO] [net.minecraft.server.dedicated.DedicatedServer/]: Soul_Okamii was incinerated by a dragon
[16Sep2021 01:06:42.328] [Server thread/INFO] [net.minecraft.server.dedicated.DedicatedServer/]: Moonpaw12 was slain by Fire Dragon
[16Sep2021 01:08:52.007] [Server thread/WARN] [net.minecraft.world.chunk.Chunk/]: Tried to load a DUMMY block entity @ BlockPos{x=-2071, y=0, z=606} but found not block entity block Block{minecraft:bedrock} at location
[16Sep2021 01:08:52.008] [Server thread/WARN] [net.minecraft.world.chunk.Chunk/]: Tried to load a block entity for block Block{minecraft:bedrock} but failed at location BlockPos{x=-2071, y=0, z=606}
[16Sep2021 01:09:02.753] [Server thread/WARN] [net.minecraft.world.chunk.Chunk/]: Tried to load a DUMMY block entity @ BlockPos{x=-2306, y=20, z=550} but found not block entity block Block{minecraft:stone} at location
[16Sep2021 01:09:02.753] [Server thread/WARN] [net.minecraft.world.chunk.Chunk/]: Tried to load a block entity for block Block{minecraft:stone} but failed at location BlockPos{x=-2306, y=20, z=550}
[16Sep2021 01:09:02.754] [Server thread/WARN] [net.minecraft.world.chunk.Chunk/]: Tried to load a DUMMY block entity @ BlockPos{x=-2304, y=20, z=546} but found not block entity block Block{mekanism:fluorite_ore} at location
[16Sep2021 01:09:02.755] [Server thread/WARN] [net.minecraft.world.chunk.Chunk/]: Tried to load a block entity for block Block{mekanism:fluorite_ore} but failed at location BlockPos{x=-2304, y=20, z=546}
[16Sep2021 01:09:02.755] [Server thread/WARN] [net.minecraft.world.chunk.Chunk/]: Tried to load a DUMMY block entity @ BlockPos{x=-2304, y=20, z=551} but found not block entity block Block{minecraft:stone} at location
[16Sep2021 01:09:02.755] [Server thread/WARN] [net.minecraft.world.chunk.Chunk/]: Tried to load a block entity for block Block{minecraft:stone} but failed at location BlockPos{x=-2304, y=20, z=551}
[16Sep2021 01:09:21.581] [Server thread/INFO] [net.minecraft.server.dedicated.DedicatedServer/]: Spoopayyy has made the advancement [Book of Monsters]
[16Sep2021 01:12:01.037] [Server thread/INFO] [net.minecraft.server.dedicated.DedicatedServer/]: [Soul_Okamii: Teleported Soul_Okamii to Spoopayyy]
[16Sep2021 01:13:37.642] [Server thread/INFO] [net.minecraft.server.dedicated.DedicatedServer/]: Soul_Okamii has made the advancement [Sweet Dreams]
[16Sep2021 01:14:10.376] [Server thread/INFO] [net.minecraft.server.dedicated.DedicatedServer/]: Spoopayyy was slain by Tiger
[16Sep2021 01:14:30.461] [Server thread/WARN] [net.minecraft.network.play.ServerPlayNetHandler/]: Spoopayyy moved too quickly! 38.332939500401295,-0.17012203007598714,0.26471888508876873
[16Sep2021 01:14:30.465] [Server thread/WARN] [net.minecraft.network.play.ServerPlayNetHandler/]: Spoopayyy moved too quickly! 38.332939500401295,-0.17012203007598714,0.26471888508876873
[16Sep2021 01:14:50.703] [Server thread/INFO] [net.minecraft.server.dedicated.DedicatedServer/]: Moonpaw12 has made the advancement [Sweet Dreams]
[16Sep2021 01:15:09.682] [Server thread/INFO] [net.minecraft.network.play.ServerPlayNetHandler/]: Spoopayyy lost connection: Disconnected
[16Sep2021 01:15:09.683] [Server thread/INFO] [net.minecraft.server.dedicated.DedicatedServer/]: Spoopayyy left the game
[16Sep2021 01:16:32.278] [Server thread/INFO] [net.minecraft.server.dedicated.DedicatedServer/]: [Soul_Okamii: Teleported Soul_Okamii to Moonpaw12]
[16Sep2021 01:17:25.420] [Server thread/INFO] [net.minecraft.server.dedicated.DedicatedServer/]: Moonpaw12 was slain by Tiger
[16Sep2021 01:17:55.013] [Server thread/INFO] [net.minecraft.server.dedicated.DedicatedServer/]: [Soul_Okamii: Teleported Soul_Okamii to Moonpaw12]
[16Sep2021 01:18:20.420] [Server thread/INFO] [net.minecraft.server.dedicated.DedicatedServer/]: Soul_Okamii was slain by Tiger
[16Sep2021 01:18:44.521] [Server thread/INFO] [net.minecraft.server.dedicated.DedicatedServer/]: Soul_Okamii was slain by Tiger
[16Sep2021 01:18:51.273] [Server thread/INFO] [net.minecraft.server.dedicated.DedicatedServer/]: Moonpaw12 was slain by Tiger
[16Sep2021 01:20:29.204] [Server thread/INFO] [net.minecraft.server.dedicated.DedicatedServer/]: Soul_Okamii has made the advancement [Pic-A-Nic Basket?]
[16Sep2021 01:20:42.021] [Server thread/INFO] [net.minecraft.server.dedicated.DedicatedServer/]: Soul_Okamii was slain by Grizzly Bear
[16Sep2021 01:21:39.077] [Server thread/INFO] [net.minecraft.server.dedicated.DedicatedServer/]: [Moonpaw12: Teleported Moonpaw12 to Soul_Okamii]
[16Sep2021 01:22:27.132] [Netty Server IO #0/INFO] [codechicken.lib.config.ConfigSyncManager/]: Skipping config sync, No mods have registered a syncable config.
[16Sep2021 01:22:27.437] [User Authenticator #18/INFO] [net.minecraft.network.login.ServerLoginNetHandler/]: UUID of player Spoopayyy is ff3f57bc-3043-4380-ab7c-6d7ee94b4e54
[16Sep2021 01:22:34.084] [Server thread/INFO] [net.minecraftforge.common.AdvancementLoadFix/]: Using new advancement loading for net.minecraft.advancements.PlayerAdvancements@9820a9
[16Sep2021 01:22:34.096] [Server thread/ERROR] [com.lothrazar.cyclic.ModCyclic/]: ? overwrite PlayerEvent.LoadFromFile {inv:{Size:36,Items:[]},spectatorTicks:0,flyTicks:0,storage:0b,tasks:[]}
[16Sep2021 01:22:34.096] [Server thread/ERROR] [com.lothrazar.cyclic.ModCyclic/]: C PlayerEvent.LoadFromFile {inv:{Size:36,Items:[]},spectatorTicks:0,flyTicks:0,storage:0b,tasks:[]}
[16Sep2021 01:22:34.096] [Server thread/INFO] [net.minecraft.server.management.PlayerList/]: Spoopayyy[/162.208.5.52:57625] logged in with entity id 34775 at (-213.39136469028415, 66.5625, -229.23935176233007)
[16Sep2021 01:22:34.105] [Server thread/INFO] [net.minecraft.server.dedicated.DedicatedServer/]: Spoopayyy joined the game
[16Sep2021 01:22:34.161] [Server thread/INFO] [mcjty.lib.setup.DefaultModSetup/]: Client logged in: sending dimlet packages
[16Sep2021 01:23:42.487] [Server thread/INFO] [net.minecraft.server.dedicated.DedicatedServer/]: [Spoopayyy: Teleported Moonpaw12 to Soul_Okamii]
[16Sep2021 01:25:36.783] [Server thread/INFO] [net.minecraft.server.dedicated.DedicatedServer/]: Spoopayyy has made the advancement [Diamonds!]
[16Sep2021 01:26:36.098] [Server thread/WARN] [net.minecraft.network.play.ServerPlayNetHandler/]: Spoopayyy moved too quickly! 24.12725018938781,60.0,42.9978220833832
[16Sep2021 01:26:36.103] [Server thread/WARN] [net.minecraft.network.play.ServerPlayNetHandler/]: Spoopayyy moved too quickly! 24.12725018938781,60.0,42.9978220833832
[16Sep2021 01:26:36.108] [Server thread/WARN] [net.minecraft.network.play.ServerPlayNetHandler/]: Spoopayyy moved too quickly! 24.12725018938781,60.0,42.9978220833832
[16Sep2021 01:26:36.111] [Server thread/WARN] [net.minecraft.network.play.ServerPlayNetHandler/]: Spoopayyy moved too quickly! 24.12725018938781,60.0,42.9978220833832
[16Sep2021 01:26:36.115] [Server thread/WARN] [net.minecraft.network.play.ServerPlayNetHandler/]: Spoopayyy moved too quickly! 24.12725018938781,60.0,42.9978220833832
[16Sep2021 01:28:35.432] [Server thread/INFO] [net.minecraft.server.dedicated.DedicatedServer/]: Spoopayyy has made the advancement [Storage Upgrade!]
[16Sep2021 01:29:00.081] [Server thread/INFO] [net.minecraft.server.dedicated.DedicatedServer/]: [Soul_Okamii: Teleported Soul_Okamii to Spoopayyy]
[16Sep2021 01:29:20.300] [Server thread/INFO] [net.minecraft.server.dedicated.DedicatedServer/]: [Soul_Okamii: Teleported Soul_Okamii to Moonpaw12]
[16Sep2021 01:30:55.738] [Server thread/INFO] [net.minecraft.server.dedicated.DedicatedServer/]: [Soul_Okamii: Teleported Soul_Okamii to Soul_Okamii]
[16Sep2021 01:33:20.530] [Server thread/INFO] [net.minecraft.network.play.ServerPlayNetHandler/]: Soul_Okamii lost connection: Disconnected
[16Sep2021 01:33:20.530] [Server thread/INFO] [net.minecraft.server.dedicated.DedicatedServer/]: Soul_Okamii left the game
[16Sep2021 01:35:03.733] [Server thread/WARN] [net.minecraft.network.play.ServerPlayNetHandler/]: Spoopayyy moved too quickly! 31.93842468607187,56.0,70.08905939984834
[16Sep2021 01:35:03.739] [Server thread/WARN] [net.minecraft.network.play.ServerPlayNetHandler/]: Spoopayyy moved too quickly! 31.93842468607187,56.0,70.08905939984834
[16Sep2021 01:35:03.751] [Server thread/WARN] [net.minecraft.network.play.ServerPlayNetHandler/]: Spoopayyy moved too quickly! 31.93842468607187,56.0,70.08905939984834
[16Sep2021 01:35:03.755] [Server thread/WARN] [net.minecraft.network.play.ServerPlayNetHandler/]: Spoopayyy moved too quickly! 31.93842468607187,56.0,70.08905939984834
[16Sep2021 01:35:03.759] [Server thread/WARN] [net.minecraft.network.play.ServerPlayNetHandler/]: Spoopayyy moved too quickly! 31.93842468607187,56.0,70.08905939984834
[16Sep2021 01:35:40.680] [Server thread/INFO] [net.minecraft.network.play.ServerPlayNetHandler/]: Moonpaw12 lost connection: Disconnected
[16Sep2021 01:35:40.680] [Server thread/INFO] [net.minecraft.server.dedicated.DedicatedServer/]: Moonpaw12 left the game
[16Sep2021 01:38:17.774] [Server thread/INFO] [net.minecraft.server.dedicated.DedicatedServer/]: Spoopayyy has made the advancement [Ice Bucket Challenge]
[16Sep2021 01:40:32.223] [Server thread/WARN] [net.minecraft.network.play.ServerPlayNetHandler/]: Spoopayyy moved too quickly! 54.14437366697547,56.0,64.08606534749134
[16Sep2021 01:40:32.230] [Server thread/WARN] [net.minecraft.network.play.ServerPlayNetHandler/]: Spoopayyy moved too quickly! 54.14437366697547,56.0,64.08606534749134
[16Sep2021 01:40:32.233] [Server thread/WARN] [net.minecraft.network.play.ServerPlayNetHandler/]: Spoopayyy moved too quickly! 54.14437366697547,56.0,64.08606534749134
[16Sep2021 01:40:32.237] [Server thread/WARN] [net.minecraft.network.play.ServerPlayNetHandler/]: Spoopayyy moved too quickly! 54.14437366697547,56.0,64.08606534749134
[16Sep2021 01:40:32.252] [Server thread/WARN] [net.minecraft.network.play.ServerPlayNetHandler/]: Spoopayyy moved too quickly! 54.14437366697547,56.0,64.08606534749134
[16Sep2021 01:40:32.256] [Server thread/WARN] [net.minecraft.network.play.ServerPlayNetHandler/]: Spoopayyy moved too quickly! 54.14437366697547,56.0,64.08606534749134
[16Sep2021 01:40:32.260] [Server thread/WARN] [net.minecraft.network.play.ServerPlayNetHandler/]: Spoopayyy moved too quickly! 54.14437366697547,56.0,64.08606534749134
[16Sep2021 01:40:32.264] [Server thread/WARN] [net.minecraft.network.play.ServerPlayNetHandler/]: Spoopayyy moved too quickly! 54.14437366697547,56.0,64.08606534749134
[16Sep2021 01:40:56.220] [Server thread/INFO] [net.minecraft.server.dedicated.DedicatedServer/]: Spoopayyy has made the advancement [The power of the sun!]
[16Sep2021 01:40:56.220] [Server thread/INFO] [net.minecraft.server.dedicated.DedicatedServer/]: Spoopayyy has made the advancement [Condense the world!]
[16Sep2021 01:42:22.372] [Server thread/INFO] [net.minecraft.network.play.ServerPlayNetHandler/]: Spoopayyy lost connection: Disconnected
[16Sep2021 01:42:22.372] [Server thread/INFO] [net.minecraft.server.dedicated.DedicatedServer/]: Spoopayyy left the game
[16Sep2021 01:42:27.372] [Server thread/INFO] [net.minecraft.server.dedicated.DedicatedServer/]: Stopping the server
[16Sep2021 01:42:27.422] [Server thread/INFO] [net.minecraft.server.MinecraftServer/]: Stopping server
[16Sep2021 01:42:27.422] [Server thread/INFO] [net.minecraft.server.MinecraftServer/]: Saving players
[16Sep2021 01:42:27.422] [Server thread/INFO] [net.minecraft.server.MinecraftServer/]: Saving worlds
[16Sep2021 01:42:27.423] [Server thread/INFO] [net.minecraft.server.MinecraftServer/]: Saving chunks for level 'ServerLevel[world]'/minecraft:overworld
[16Sep2021 01:42:27.900] [Server thread/INFO] [net.minecraft.world.server.ChunkManager/]: ThreadedAnvilChunkStorage (world): All chunks are saved
[16Sep2021 01:42:27.900] [Server thread/INFO] [net.minecraft.server.MinecraftServer/]: Saving chunks for level 'ServerLevel[world]'/minecraft:the_nether
[16Sep2021 01:42:27.902] [Server thread/INFO] [net.minecraft.world.server.ChunkManager/]: ThreadedAnvilChunkStorage (DIM-1): All chunks are saved
[16Sep2021 01:42:27.902] [Server thread/INFO] [net.minecraft.server.MinecraftServer/]: Saving chunks for level 'ServerLevel[world]'/minecraft:the_end
[16Sep2021 01:42:27.903] [Server thread/INFO] [net.minecraft.world.server.ChunkManager/]: ThreadedAnvilChunkStorage (DIM1): All chunks are saved
[16Sep2021 01:42:27.903] [Server thread/INFO] [net.minecraft.server.MinecraftServer/]: Saving chunks for level 'ServerLevel[world]'/twilightforest:twilightforest
[16Sep2021 01:42:27.904] [Server thread/INFO] [net.minecraft.world.server.ChunkManager/]: ThreadedAnvilChunkStorage (twilightforest): All chunks are saved
[16Sep2021 01:42:27.904] [Server thread/INFO] [net.minecraft.server.MinecraftServer/]: Saving chunks for level 'ServerLevel[world]'/twilightforest:skylight_forest
[16Sep2021 01:42:27.906] [Server thread/INFO] [net.minecraft.world.server.ChunkManager/]: ThreadedAnvilChunkStorage (skylight_forest): All chunks are saved
[16Sep2021 01:42:27.966] [Server thread/INFO] [net.minecraft.world.server.ChunkManager/]: ThreadedAnvilChunkStorage (world): All chunks are saved
[16Sep2021 01:42:28.020] [Server thread/INFO] [net.minecraft.world.server.ChunkManager/]: ThreadedAnvilChunkStorage (DIM-1): All chunks are saved
[16Sep2021 01:42:28.020] [Server thread/INFO] [net.minecraft.world.server.ChunkManager/]: ThreadedAnvilChunkStorage (DIM1): All chunks are saved
[16Sep2021 01:42:28.021] [Server thread/INFO] [net.minecraft.world.server.ChunkManager/]: ThreadedAnvilChunkStorage (twilightforest): All chunks are saved
[16Sep2021 01:42:28.021] [Server thread/INFO] [net.minecraft.world.server.ChunkManager/]: ThreadedAnvilChunkStorage (skylight_forest): All chunks are saved
[16Sep2021 01:42:28.026] [Server thread/INFO] [FluxNetworks/]: FluxNetworkData has been unloaded
